1749466463181	geckodriver	INFO	Listening on 127.0.0.1:61379
1749466466229	mozrunner::runner	INFO	Running command: "C:\\Program Files\\Mozilla Firefox\\firefox.exe" "--marionette" "--remote-debugging-port" "61380" "--remote-allow-hosts" "localhost" "-no-remote" "-profile" "C:\\Users\\bhush\\AppData\\Local\\Temp\\rust_mozprofile58WC1P"
console.warn: services.settings: Ignoring preference override of remote settings server
console.warn: services.settings: Allow by setting MOZ_REMOTE_SETTINGS_DEVTOOLS=1 in the environment
Dynamically enable window occlusion 0
1749466466744	Marionette	INFO	Marionette enabled
1749466467187	Marionette	INFO	Listening on port 61387
WebDriver BiDi listening on ws://127.0.0.1:61380
Read port: 61387
1749466467306	RemoteAgent	WARN	TLS certificate errors will be ignored for this session
console.warn: LoginRecipes: "Falling back to a synchronous message for: https://www.tutorialspoint.com."
console.warn: LoginRecipes: "Falling back to a synchronous message for: https://www.tutorialspoint.com."
JavaScript error: resource://gre/actors/FormHandlerChild.sys.mjs, line 103: InvalidStateError: JSWindowActorChild.document getter: Cannot access property 'document' after actor 'FormHandler' has been destroyed
console.error: [Exception... "Component is not available"  nsresult: "0x80040111 (NS_ERROR_NOT_AVAILABLE)"  location: "<unknown>"  data: no]
JavaScript error: , line 0: NotFoundError: No such JSProcessActor 'DevToolsProcess'
JavaScript error: , line 0: NotFoundError: No such JSProcessActor 'DevToolsProcess'
JavaScript error: , line 0: NotFoundError: No such JSProcessActor 'DevToolsProcess'
console.warn: LoginRecipes: "Falling back to a synchronous message for: https://www.tutorialspoint.com."
console.error: [Exception... "Component is not available"  nsresult: "0x80040111 (NS_ERROR_NOT_AVAILABLE)"  location: "<unknown>"  data: no]
JavaScript error: , line 0: NotFoundError: No such JSProcessActor 'DevToolsProcess'
JavaScript error: , line 0: NotFoundError: No such JSProcessActor 'DevToolsProcess'
JavaScript error: , line 0: NotFoundError: No such JSProcessActor 'DevToolsProcess'
JavaScript error: , line 0: NotFoundError: No such JSProcessActor 'DevToolsProcess'
JavaScript error: , line 0: NotFoundError: No such JSProcessActor 'DevToolsProcess'
JavaScript error: , line 0: NotFoundError: No such JSProcessActor 'DevToolsProcess'
JavaScript error: , line 0: NotFoundError: No such JSProcessActor 'DevToolsProcess'
JavaScript error: , line 0: NotFoundError: No such JSProcessActor 'DevToolsProcess'
JavaScript error: , line 0: NotFoundError: No such JSProcessActor 'DevToolsProcess'
console.warn: LoginRecipes: "Falling back to a synchronous message for: https://www.tutorialspoint.com."
JavaScript error: , line 0: NotFoundError: No such JSProcessActor 'DevToolsProcess'
JavaScript error: , line 0: NotFoundError: No such JSProcessActor 'DevToolsProcess'
JavaScript error: , line 0: NotFoundError: No such JSProcessActor 'DevToolsProcess'
JavaScript error: , line 0: NotFoundError: No such JSProcessActor 'DevToolsProcess'
JavaScript error: , line 0: NotFoundError: No such JSProcessActor 'DevToolsProcess'
JavaScript error: , line 0: NotFoundError: No such JSProcessActor 'DevToolsProcess'
JavaScript error: resource:///modules/sessionstore/SessionStore.sys.mjs, line 2693: NotFoundError: No such JSProcessActor 'DevToolsProcess'
JavaScript error: resource:///modules/sessionstore/SessionStore.sys.mjs, line 2693: NotFoundError: No such JSProcessActor 'DevToolsProcess'
JavaScript error: resource:///modules/sessionstore/SessionStore.sys.mjs, line 2693: NotFoundError: No such JSProcessActor 'DevToolsProcess'
1749466904035	Marionette	INFO	Stopped listening on port 61387
Dynamically enable window occlusion 1
console.error: "Failed to fetch https://ads.mozilla.org/v1/delete_user:" "NetworkError when attempting to fetch resource."
console.warn: TopSitesFeed: Failed to fetch data from MARS server: NetworkError when attempting to fetch resource.
console.error: "Error in worker resource://devtools/client/shared/source-map-loader/worker.js" ": "
console.error: services.settings: 
Object
  - prototype Object
    - columnNumber = 0
    - data = null
    - filename = resource://gre/modules/ServiceRequest.sys.mjs
    - lineNumber = 126
    - location = {"name":"open","filename":"resource://gre/modules/ServiceRequest.sys.mjs","sourceId":27,"lineNumber":126,"columnNumber":11,"asyncCause":null,"asyncCaller":null,"caller":{"filename":"resource://services-settings/Utils.sys.mjs","name":"fetch/<","sourceId":26,"lineNumber":268,"columnNumber":15,"asyncCause":null,"asyncCaller":null,"caller":{"filename":"resource://services-settings/Utils.sys.mjs","name":"fetch","sourceId":26,"lineNumber":219,"columnNumber":12,"asyncCause":null,"asyncCaller":null,"caller":{"filename":"resource://services-settings/Utils.sys.mjs","name":"fetchLatestChanges","sourceId":26,"lineNumber":429,"columnNumber":34,"asyncCause":null,"asyncCaller":null,"caller":{"filename":"resource://services-settings/RemoteSettingsClient.sys.mjs","name":"sync","sourceId":24,"lineNumber":625,"columnNumber":42,"asyncCause":null,"asyncCaller":null,"caller":{"filename":"resource://services-settings/RemoteSettingsClient.sys.mjs","name":"get/this._importingPromise<","sourceId":24,"lineNumber":477,"columnNumber":28,"asyncCause":null,"asyncCaller":null,"caller":{"filename":"resource://gre/modules/AsyncShutdown.sys.mjs","name":"observe","sourceId":17,"lineNumber":569,"columnNumber":17,"asyncCause":null,"asyncCaller":null,"caller":null,"formattedStack":"observe@resource://gre/modules/AsyncShutdown.sys.mjs:569:17\n","nativeSavedFrame":{}},"formattedStack":"get/this._importingPromise<@resource://services-settings/RemoteSettingsClient.sys.mjs:477:28\nobserve@resource://gre/modules/AsyncShutdown.sys.mjs:569:17\n","nativeSavedFrame":{}},"formattedStack":"sync@resource://services-settings/RemoteSettingsClient.sys.mjs:625:42\nget/this._importingPromise<@resource://services-settings/RemoteSettingsClient.sys.mjs:477:28\nobserve@resource://gre/modules/AsyncShutdown.sys.mjs:569:17\n","nativeSavedFrame":{}},"formattedStack":"fetchLatestChanges@resource://services-settings/Utils.sys.mjs:429:34\nsync@resource://services-settings/RemoteSettingsClient.sys.mjs:625:42\nget/this._importingPromise<@resource://services-settings/RemoteSettingsClient.sys.mjs:477:28\nobserve@resource://gre/modules/AsyncShutdown.sys.mjs:569:17\n","nativeSavedFrame":{}},"formattedStack":"fetch@resource://services-settings/Utils.sys.mjs:219:12\nfetchLatestChanges@resource://services-settings/Utils.sys.mjs:429:34\nsync@resource://services-settings/RemoteSettingsClient.sys.mjs:625:42\nget/this._importingPromise<@resource://services-settings/RemoteSettingsClient.sys.mjs:477:28\nobserve@resource://gre/modules/AsyncShutdown.sys.mjs:569:17\n","nativeSavedFrame":{}},"formattedStack":"fetch/<@resource://services-settings/Utils.sys.mjs:268:15\nfetch@resource://services-settings/Utils.sys.mjs:219:12\nfetchLatestChanges@resource://services-settings/Utils.sys.mjs:429:34\nsync@resource://services-settings/RemoteSettingsClient.sys.mjs:625:42\nget/this._importingPromise<@resource://services-settings/RemoteSettingsClient.sys.mjs:477:28\nobserve@resource://gre/modules/AsyncShutdown.sys.mjs:569:17\n","nativeSavedFrame":{}},"formattedStack":"open@resource://gre/modules/ServiceRequest.sys.mjs:126:11\nfetch/<@resource://services-settings/Utils.sys.mjs:268:15\nfetch@resource://services-settings/Utils.sys.mjs:219:12\nfetchLatestChanges@resource://services-settings/Utils.sys.mjs:429:34\nsync@resource://services-settings/RemoteSettingsClient.sys.mjs:625:42\nget/this._importingPromise<@resource://services-settings/RemoteSettingsClient.sys.mjs:477:28\nobserve@resource://gre/modules/AsyncShutdown.sys.mjs:569:17\n","nativeSavedFrame":{}}
    - message = 
    - name = 
    - result = 2152071198
    - stack = open@resource://gre/modules/ServiceRequest.sys.mjs:126:11|fetch/<@resource://services-settings/Utils.sys.mjs:268:15|fetch@resource://services-settings/Utils.sys.mjs:219:12|fetchLatestChanges@resource://services-settings/Utils.sys.mjs:429:34|sync@resource://services-settings/RemoteSettingsClient.sys.mjs:625:42|get/this._importingPromise<@resource://services-settings/RemoteSettingsClient.sys.mjs:477:28|observe@resource://gre/modules/AsyncShutdown.sys.mjs:569:17|
  - prototype Object
